Determining if the pthread_create exist failed with the following output:
Change Dir: /home/asctec/catkin_ws/build/CMakeFiles/CMakeTmp

Run Build Command:/usr/bin/make "cmTryCompileExec1464220434/fast"
/usr/bin/make -f CMakeFiles/cmTryCompileExec1464220434.dir/build.make CMakeFiles/cmTryCompileExec1464220434.dir/build
make[1]: Entering directory `/home/asctec/catkin_ws/build/CMakeFiles/CMakeTmp'
/usr/bin/cmake -E cmake_progress_report /home/asctec/catkin_ws/build/CMakeFiles/CMakeTmp/CMakeFiles 1
Building C object CMakeFiles/cmTryCompileExec1464220434.dir/CheckSymbolExists.c.o
/usr/bin/cc    -o CMakeFiles/cmTryCompileExec1464220434.dir/CheckSymbolExists.c.o   -c /home/asctec/catkin_ws/build/CMakeFiles/CMakeTmp/CheckSymbolExists.c
Linking C executable cmTryCompileExec1464220434
/usr/bin/cmake -E cmake_link_script CMakeFiles/cmTryCompileExec1464220434.dir/link.txt --verbose=1
/usr/bin/cc       CMakeFiles/cmTryCompileExec1464220434.dir/CheckSymbolExists.c.o  -o cmTryCompileExec1464220434 -rdynamic 
CMakeFiles/cmTryCompileExec1464220434.dir/CheckSymbolExists.c.o: In function `main':
CheckSymbolExists.c:(.text+0x16): undefined reference to `pthread_create'
collect2: error: ld returned 1 exit status
make[1]: *** [cmTryCompileExec1464220434] Error 1
make[1]: Leaving directory `/home/asctec/catkin_ws/build/CMakeFiles/CMakeTmp'
make: *** [cmTryCompileExec1464220434/fast] Error 2

File /home/asctec/catkin_ws/build/CMakeFiles/CMakeTmp/CheckSymbolExists.c:
/* */
#include <pthread.h>

int main(int argc, char** argv)
{
  (void)argv;
#ifndef pthread_create
  return ((int*)(&pthread_create))[argc];
#else
  (void)argc;
  return 0;
#endif
}

Determining if the function pthread_create exists in the pthreads failed with the following output:
Change Dir: /home/asctec/catkin_ws/build/CMakeFiles/CMakeTmp

Run Build Command:/usr/bin/make "cmTryCompileExec1435123828/fast"
/usr/bin/make -f CMakeFiles/cmTryCompileExec1435123828.dir/build.make CMakeFiles/cmTryCompileExec1435123828.dir/build
make[1]: Entering directory `/home/asctec/catkin_ws/build/CMakeFiles/CMakeTmp'
/usr/bin/cmake -E cmake_progress_report /home/asctec/catkin_ws/build/CMakeFiles/CMakeTmp/CMakeFiles 1
Building C object CMakeFiles/cmTryCompileExec1435123828.dir/CheckFunctionExists.c.o
/usr/bin/cc   -DCHECK_FUNCTION_EXISTS=pthread_create   -o CMakeFiles/cmTryCompileExec1435123828.dir/CheckFunctionExists.c.o   -c /usr/share/cmake-2.8/Modules/CheckFunctionExists.c
Linking C executable cmTryCompileExec1435123828
/usr/bin/cmake -E cmake_link_script CMakeFiles/cmTryCompileExec1435123828.dir/link.txt --verbose=1
/usr/bin/cc   -DCHECK_FUNCTION_EXISTS=pthread_create    CMakeFiles/cmTryCompileExec1435123828.dir/CheckFunctionExists.c.o  -o cmTryCompileExec1435123828 -rdynamic -lpthreads 
/usr/bin/ld: cannot find -lpthreads
collect2: error: ld returned 1 exit status
make[1]: Leaving directory `/home/asctec/catkin_ws/build/CMakeFiles/CMakeTmp'
make[1]: *** [cmTryCompileExec1435123828] Error 1
make: *** [cmTryCompileExec1435123828/fast] Error 2


